CONFIG 2026-03-16 18:11:43,808 [main][Log4J2Logger.java:215] : Logging policy: Log4J2
CONFIG 2026-03-16 18:11:44,696 [main][Log4J2Logger.java:189] : Factory implementations for category GridCoverageFactory:
  org.geotools.coverage.grid.GridCoverageFactory
CONFIG 2026-03-16 18:11:48,194 [main][Log4J2Logger.java:189] : Factory implementations for category FilterFactory:
  org.geotools.filter.FilterFactoryImpl
CONFIG 2026-03-16 18:11:48,227 [main][Log4J2Logger.java:189] : Factory implementations for category StyleFactory:
  org.geotools.styling.StyleFactoryImpl
CONFIG 2026-03-16 18:11:48,241 [main][Log4J2Logger.java:189] : Factory implementations for category FeatureFactory:
  org.geotools.feature.LenientFeatureFactoryImpl
  org.geotools.feature.ValidatingFeatureFactoryImpl
DEBUG 2026-03-16 18:11:48,939 [main][Log4J2Logger.java:220] : Extension lookup 'XStreamPersisterInitializer', prior to bean geoserverExtensions initialisation.
DEBUG 2026-03-16 18:11:48,941 [main][Log4J2Logger.java:220] : Extension lookup 'ExtensionFilter', prior to bean geoserverExtensions initialisation.
DEBUG 2026-03-16 18:11:48,944 [main][Log4J2Logger.java:220] : Extension lookup 'ExtensionProvider', but provided ApplicationContext is unset.
DEBUG 2026-03-16 18:11:48,945 [main][Log4J2Logger.java:220] : Extension lookup 'ExtensionFilter', but provided ApplicationContext is unset.
DEBUG 2026-03-16 18:11:48,992 [main][Log4J2Logger.java:220] : CONFIGURING GEOSERVER LOGGING -------------------------
16 Mar 18:11:49 CONFIG [geoserver.logging] - Log4j 2 configuration set to DEFAULT_LOGGING.xml
16 Mar 18:11:55 WARN   [geoserver.monitor] - monitoring storage memory not found, falling back to 'memory'
16 Mar 18:11:56 CONFIG [org.geoserver] - GeoServer configuration lock is enabled
16 Mar 18:11:56 CONFIG [org.geoserver] - Loading catalog /opt/geoserver/data_dir
16 Mar 18:11:56 WARN   [org.geoserver] - No 'workspaces' directory found, unable to load any stores.
16 Mar 18:11:56 CONFIG [org.geoserver] - Read catalog in 12.99 ms
16 Mar 18:11:58 CONFIG [org.geoserver] - Loaded service 'WCSInfoImpl--1462ca12:19cf7d8f453:-7ffb', enabled
16 Mar 18:11:58 CONFIG [org.geoserver] - Loaded service 'WPSInfoImpl--1462ca12:19cf7d8f453:-7ffa', enabled
16 Mar 18:11:58 CONFIG [org.geoserver] - Loaded service 'WMTSInfoImpl--1462ca12:19cf7d8f453:-7ff9', enabled
16 Mar 18:11:58 CONFIG [org.geoserver] - Loaded service 'csw', enabled
16 Mar 18:11:58 CONFIG [org.geoserver] - Loaded service 'WMSInfoImpl--1462ca12:19cf7d8f453:-7ff8', enabled
16 Mar 18:11:58 CONFIG [org.geoserver] - Loaded service 'WFSInfoImpl--1462ca12:19cf7d8f453:-7ff7', enabled
16 Mar 18:11:58 CONFIG [gwc.config] - Will look for 'geowebcache.xml' in directory '/opt/geoserver/data_dir/gwc'.
16 Mar 18:11:59 CONFIG [gwc.config] - Create configuration file '/opt/geoserver/data_dir/gwc/geowebcache.xml' from template jar:file:/usr/local/tomcat/webapps/geoserver/WEB-INF/lib/gwc-core-1.24.2.jar!/geowebcache_empty.xml
16 Mar 18:11:59 WARN   [config.XMLConfiguration] - GWC configuration validation error: cvc-elt.1.a: Cannot find the declaration of element 'gwcConfiguration'.
16 Mar 18:11:59 WARN   [config.XMLConfiguration] - Will try to use configuration anyway. Please check the order of declared elements against the schema.
16 Mar 18:11:59 CONFIG [config.XMLConfiguration] - Initializing GridSets from /opt/geoserver/data_dir/gwc
16 Mar 18:11:59 CONFIG [config.XMLConfiguration] - Initializing layers from /opt/geoserver/data_dir/gwc
16 Mar 18:12:00 CONFIG [gwc.layer] - Initializing GWC configuration based on GeoServer's Catalog
16 Mar 18:12:00 CONFIG [gwc.layer] - GeoServer TileLayer store base directory is: gwc-layers
16 Mar 18:12:00 CONFIG [gwc.layer] - Loading tile layers from gwc-layers
16 Mar 18:12:00 CONFIG [gwc.layer] - Loaded 0 tile layers in 39.18 ms
16 Mar 18:12:01 CONFIG [storage.BlobStoreAggregator] - BlobStoreConfiguration /opt/geoserver/data_dir/gwc contained no blob store infos.
16 Mar 18:12:01 CONFIG [storage.DefaultStorageFinder] - Found system environment variableGEOWEBCACHE_CACHE_DIR set to /opt/geoserver/data_dir/gwc, using it as the default prefix.
16 Mar 18:12:03 CONFIG [gwc.config] - Initializing GeoServer specific GWC configuration from gwc-gs.xml
16 Mar 18:12:05 INFO   [flow.config] - Loaded control-flow rule: ows.global=100
16 Mar 18:12:05 INFO   [flow.config] - Loaded control-flow rule: ows.wms.getmap=10
16 Mar 18:12:05 INFO   [flow.config] - Loaded control-flow rule: ows.wfs.getfeature.application/msexcel=4
16 Mar 18:12:05 INFO   [flow.config] - Loaded control-flow rule: user=6
16 Mar 18:12:05 INFO   [flow.config] - Loaded control-flow rule: ows.gwc=16
16 Mar 18:12:05 INFO   [flow.config] - Loaded control-flow rule: user.ows.wps.execute=1000/d;30s
16 Mar 18:12:05 CONFIG [geoserver.flow] - Control-flow active with 6 flow controllers
16 Mar 18:12:07 CONFIG [gwc.config] - Will look for 'geowebcache-diskquota.xml' in directory '/opt/geoserver/data_dir/gwc'.
16 Mar 18:12:07 CONFIG [gwc.config] - Will look for 'geowebcache-diskquota-jdbc.xml' in directory '/opt/geoserver/data_dir/gwc'.
16 Mar 18:12:07 CONFIG [diskquota.ConfigLoader] - Quota config is: /opt/geoserver/data_dir/gwc/geowebcache-diskquota.xml
16 Mar 18:12:07 CONFIG [diskquota.ConfigLoader] - Quota config is: /opt/geoserver/data_dir/gwc/geowebcache-diskquota.xml
16 Mar 18:12:10 CONFIG [geoserver.wps] - Found 5 bindable processes in GeoServer specific processes
16 Mar 18:12:10 CONFIG [geoserver.wps] - Found 89 bindable processes in Deprecated processes
16 Mar 18:12:10 CONFIG [geoserver.wps] - Found 48 bindable processes in Geometry processes
16 Mar 18:12:10 CONFIG [geoserver.wps] - Found 1 bindable processes in PolygonLabelProcess
16 Mar 18:12:10 CONFIG [geoserver.wps] - Found 1 bindable processes in geo
16 Mar 18:12:10 CONFIG [geoserver.wps] - Found 1 bindable processes in geo
16 Mar 18:12:10 CONFIG [geoserver.wps] - Blacklisting process vec:GroupCandidateSelection as the input groupingAttributes of type class java.lang.Object cannot be handled
16 Mar 18:12:10 CONFIG [geoserver.wps] - Found 31 bindable processes in Vector processes
16 Mar 18:12:10 CONFIG [geoserver.wps] - Blacklisting process ras:ConvolveCoverage as the input kernel of type class javax.media.jai.KernelJAI cannot be handled
16 Mar 18:12:10 CONFIG [geoserver.wps] - Blacklisting process ras:RasterZonalStatistics2 as the input zones of type class java.lang.Object cannot be handled
16 Mar 18:12:10 CONFIG [geoserver.wps] - Blacklisting process ras:RasterZonalStatistics2 as the input nodata of type class it.geosolutions.jaiext.range.Range cannot be handled
16 Mar 18:12:10 CONFIG [geoserver.wps] - Blacklisting process ras:RasterZonalStatistics2 as the input rangeData of type class java.lang.Object cannot be handled
16 Mar 18:12:10 CONFIG [geoserver.wps] - Blacklisting process ras:RasterZonalStatistics2 as the output zonal statistics of type interface java.util.List cannot be handled
16 Mar 18:12:10 CONFIG [geoserver.wps] - Found 18 bindable processes in Raster processes
16 Mar 18:12:17 INFO   [geoserver.monitor] - Monitor extension enabled
16 Mar 18:12:18 WARN   [gce.imagemosaic] - Unable to set ordering between tiff readers spi
16 Mar 18:12:20 CONFIG [geowebcache.GeoWebCacheDispatcher] - Invoked setServletPrefix(gwc)
16 Mar 18:12:20 CONFIG [wms.WMSService] - Will NOT recombine tiles for non-tiling clients.
16 Mar 18:12:20 CONFIG [wms.WMSService] - Will proxy requests to backend that are not getmap or getcapabilities.
16 Mar 18:12:22 WARN   [turbojpeg.TurboJPEGMapResponse] - The turbo jpeg encoder is available for usage
16 Mar 18:12:31 CONFIG [diskquota.ConfigLoader] - Quota config is: /opt/geoserver/data_dir/gwc/geowebcache-diskquota.xml
16 Mar 18:12:31 CONFIG [diskquota.DiskQuotaMonitor] - Setting up disk quota periodic enforcement task
16 Mar 18:12:31 CONFIG [diskquota.DiskQuotaMonitor] - 0 layers configured with their own quotas. 
16 Mar 18:12:31 CONFIG [diskquota.DiskQuotaMonitor] - 0 layers attached to global quota 20.0 GB
16 Mar 18:12:31 CONFIG [diskquota.DiskQuotaMonitor] - Disk quota periodic enforcement task set up every 5 SECONDS
16 Mar 18:12:32 CONFIG [geoserver.security] - AuthenticationCache Initialized with 1000 Max Entries, 300 seconds idle time, 600 seconds time to live and 3 concurrency level
16 Mar 18:12:32 CONFIG [geoserver.security] - AuthenticationCache Eviction Task created to run every 600 seconds
16 Mar 18:12:36 CONFIG [geoserver.security] - Start reloading user/groups for service named default
16 Mar 18:12:36 CONFIG [geoserver.security] - Reloading user/groups successful for service named default
16 Mar 18:12:38 INFO   [config.XMLConfiguration] - Wrote configuration to /opt/geoserver/data_dir/gwc
16 Mar 18:13:20 WARN   [geoserver.security] - Failed login, user  from 172.19.0.1
16 Mar 18:13:20 INFO   [geoserver.security] - Brute force attack prevention, delaying login for 3403ms
16 Mar 18:13:47 INFO   [geoserver.security] - Strong cryptography is available
16 Mar 18:53:19 CONFIG [gwc.layer] - GeoServer TileLayer store base directory is: gwc-layers
16 Mar 18:53:19 CONFIG [gwc.layer] - Loading tile layers from gwc-layers
16 Mar 18:53:19 CONFIG [gwc.layer] - Loaded 0 tile layers in 162.7 ms
16 Mar 18:53:19 CONFIG [gwc.layer] - GeoServer TileLayer store base directory is: gwc-layers
16 Mar 18:53:19 CONFIG [gwc.layer] - Loading tile layers from gwc-layers
16 Mar 18:53:19 CONFIG [gwc.layer] - Loaded 0 tile layers in 7.410 ms
16 Mar 18:53:20 INFO   [jdbc.JDBCQuotaStore] - Closing up the JDBC quota store 
16 Mar 18:53:22 WARN   [support.DisposableBeanAdapter] - Custom destroy method 'destroy' on bean with name 'gwcMemoryBlobStore' threw an exception: java.util.concurrent.RejectedExecutionException: Task java.util.concurrent.FutureTask@68ce8d18[Not completed, task = org.geowebcache.storage.blobstore.memory.MemoryBlobStore$BlobStoreTask@4bbe570d] rejected from java.util.concurrent.ThreadPoolExecutor@2c74a3b1[Terminated, pool size = 0, active threads = 0, queued tasks = 0, completed tasks = 1]
16 Mar 18:53:23 INFO   [geoserver.logging] - Beginning GeoServer cleanup sequence
CONFIG 2026-03-16 18:56:52,400 [main][Log4J2Logger.java:215] : Logging policy: Log4J2
CONFIG 2026-03-16 18:56:53,150 [main][Log4J2Logger.java:189] : Factory implementations for category GridCoverageFactory:
  org.geotools.coverage.grid.GridCoverageFactory
CONFIG 2026-03-16 18:56:54,775 [main][Log4J2Logger.java:189] : Factory implementations for category FilterFactory:
  org.geotools.filter.FilterFactoryImpl
CONFIG 2026-03-16 18:56:54,858 [main][Log4J2Logger.java:189] : Factory implementations for category StyleFactory:
  org.geotools.styling.StyleFactoryImpl
CONFIG 2026-03-16 18:56:54,880 [main][Log4J2Logger.java:189] : Factory implementations for category FeatureFactory:
  org.geotools.feature.LenientFeatureFactoryImpl
  org.geotools.feature.ValidatingFeatureFactoryImpl
DEBUG 2026-03-16 18:56:56,712 [main][Log4J2Logger.java:220] : Extension lookup 'XStreamPersisterInitializer', prior to bean geoserverExtensions initialisation.
DEBUG 2026-03-16 18:56:56,716 [main][Log4J2Logger.java:220] : Extension lookup 'ExtensionFilter', prior to bean geoserverExtensions initialisation.
DEBUG 2026-03-16 18:56:56,721 [main][Log4J2Logger.java:220] : Extension lookup 'ExtensionProvider', but provided ApplicationContext is unset.
DEBUG 2026-03-16 18:56:56,722 [main][Log4J2Logger.java:220] : Extension lookup 'ExtensionFilter', but provided ApplicationContext is unset.
DEBUG 2026-03-16 18:56:56,829 [main][Log4J2Logger.java:220] : CONFIGURING GEOSERVER LOGGING -------------------------
16 Mar 18:56:57 CONFIG [geoserver.logging] - Log4j 2 configuration set to DEFAULT_LOGGING.xml
16 Mar 18:57:04 WARN   [geoserver.monitor] - monitoring storage memory not found, falling back to 'memory'
16 Mar 18:57:05 CONFIG [org.geoserver] - GeoServer configuration lock is enabled
16 Mar 18:57:06 CONFIG [org.geoserver] - Loading catalog /opt/geoserver/data_dir
16 Mar 18:57:06 CONFIG [org.geoserver] - Loaded style 'line'
16 Mar 18:57:06 CONFIG [org.geoserver] - Loaded style 'generic'
16 Mar 18:57:06 CONFIG [org.geoserver] - Loaded style 'point'
16 Mar 18:57:06 CONFIG [org.geoserver] - Loaded style 'polygon'
16 Mar 18:57:06 CONFIG [org.geoserver] - Loaded style 'raster'
16 Mar 18:57:06 WARN   [org.geoserver] - No 'workspaces' directory found, unable to load any stores.
16 Mar 18:57:06 CONFIG [org.geoserver] - Read catalog in 290.7 ms
16 Mar 18:57:06 CONFIG [org.geoserver] - Loaded service 'WCSInfoImpl-32143314:19cf8024ec2:-8000', enabled
16 Mar 18:57:06 CONFIG [org.geoserver] - Loaded service 'WPSInfoImpl--1462ca12:19cf7d8f453:-7ffa', enabled
16 Mar 18:57:06 CONFIG [org.geoserver] - Loaded service 'WMTSInfoImpl-32143314:19cf8024ec2:-7fff', enabled
16 Mar 18:57:07 CONFIG [org.geoserver] - Loaded service 'csw', enabled
16 Mar 18:57:07 CONFIG [org.geoserver] - Loaded service 'WMSInfoImpl-32143314:19cf8024ec2:-7ffe', enabled
16 Mar 18:57:07 CONFIG [org.geoserver] - Loaded service 'WFSInfoImpl-32143314:19cf8024ec2:-7ffd', enabled
16 Mar 18:57:07 CONFIG [gwc.config] - Will look for 'geowebcache.xml' in directory '/opt/geoserver/data_dir/gwc'.
16 Mar 18:57:07 CONFIG [config.XMLConfiguration] - TileLayerConfiguration file validated fine.
16 Mar 18:57:07 CONFIG [config.XMLConfiguration] - Initializing GridSets from /opt/geoserver/data_dir/gwc
16 Mar 18:57:07 INFO   [config.XMLConfiguration] - Read GridSet InspireCRS84Quad
16 Mar 18:57:07 CONFIG [config.XMLConfiguration] - Initializing layers from /opt/geoserver/data_dir/gwc
16 Mar 18:57:07 CONFIG [gwc.layer] - Initializing GWC configuration based on GeoServer's Catalog
16 Mar 18:57:07 CONFIG [gwc.layer] - GeoServer TileLayer store base directory is: gwc-layers
16 Mar 18:57:07 CONFIG [gwc.layer] - Loading tile layers from gwc-layers
16 Mar 18:57:07 CONFIG [gwc.layer] - Loaded 0 tile layers in 6.157 ms
16 Mar 18:57:07 CONFIG [storage.BlobStoreAggregator] - BlobStoreConfiguration /opt/geoserver/data_dir/gwc contained no blob store infos.
16 Mar 18:57:07 CONFIG [storage.DefaultStorageFinder] - Found system environment variableGEOWEBCACHE_CACHE_DIR set to /opt/geoserver/data_dir/gwc, using it as the default prefix.
16 Mar 18:57:08 CONFIG [gwc.config] - Initializing GeoServer specific GWC configuration from gwc-gs.xml
16 Mar 18:57:09 INFO   [flow.config] - Loaded control-flow rule: ows.global=100
16 Mar 18:57:09 INFO   [flow.config] - Loaded control-flow rule: ows.wms.getmap=10
16 Mar 18:57:09 INFO   [flow.config] - Loaded control-flow rule: ows.wfs.getfeature.application/msexcel=4
16 Mar 18:57:09 INFO   [flow.config] - Loaded control-flow rule: user=6
16 Mar 18:57:09 INFO   [flow.config] - Loaded control-flow rule: ows.gwc=16
16 Mar 18:57:09 INFO   [flow.config] - Loaded control-flow rule: user.ows.wps.execute=1000/d;30s
16 Mar 18:57:09 CONFIG [geoserver.flow] - Control-flow active with 6 flow controllers
16 Mar 18:57:10 CONFIG [gwc.config] - Will look for 'geowebcache-diskquota.xml' in directory '/opt/geoserver/data_dir/gwc'.
16 Mar 18:57:10 CONFIG [gwc.config] - Will look for 'geowebcache-diskquota-jdbc.xml' in directory '/opt/geoserver/data_dir/gwc'.
16 Mar 18:57:10 CONFIG [diskquota.ConfigLoader] - Quota config is: /opt/geoserver/data_dir/gwc/geowebcache-diskquota.xml
16 Mar 18:57:10 CONFIG [diskquota.ConfigLoader] - Quota config is: /opt/geoserver/data_dir/gwc/geowebcache-diskquota.xml
16 Mar 18:57:13 CONFIG [geoserver.wps] - Found 5 bindable processes in GeoServer specific processes
16 Mar 18:57:13 CONFIG [geoserver.wps] - Found 89 bindable processes in Deprecated processes
16 Mar 18:57:13 CONFIG [geoserver.wps] - Found 48 bindable processes in Geometry processes
16 Mar 18:57:13 CONFIG [geoserver.wps] - Found 1 bindable processes in PolygonLabelProcess
16 Mar 18:57:13 CONFIG [geoserver.wps] - Found 1 bindable processes in geo
16 Mar 18:57:13 CONFIG [geoserver.wps] - Found 1 bindable processes in geo
16 Mar 18:57:13 CONFIG [geoserver.wps] - Blacklisting process vec:GroupCandidateSelection as the input groupingAttributes of type class java.lang.Object cannot be handled
16 Mar 18:57:13 CONFIG [geoserver.wps] - Found 31 bindable processes in Vector processes
16 Mar 18:57:13 CONFIG [geoserver.wps] - Blacklisting process ras:ConvolveCoverage as the input kernel of type class javax.media.jai.KernelJAI cannot be handled
16 Mar 18:57:13 CONFIG [geoserver.wps] - Blacklisting process ras:RasterZonalStatistics2 as the input zones of type class java.lang.Object cannot be handled
16 Mar 18:57:13 CONFIG [geoserver.wps] - Blacklisting process ras:RasterZonalStatistics2 as the input nodata of type class it.geosolutions.jaiext.range.Range cannot be handled
16 Mar 18:57:13 CONFIG [geoserver.wps] - Blacklisting process ras:RasterZonalStatistics2 as the input rangeData of type class java.lang.Object cannot be handled
16 Mar 18:57:13 CONFIG [geoserver.wps] - Blacklisting process ras:RasterZonalStatistics2 as the output zonal statistics of type interface java.util.List cannot be handled
16 Mar 18:57:13 CONFIG [geoserver.wps] - Found 18 bindable processes in Raster processes
16 Mar 18:57:31 INFO   [geoserver.monitor] - Monitor extension enabled
16 Mar 18:57:42 WARN   [gce.imagemosaic] - Unable to set ordering between tiff readers spi
16 Mar 18:57:48 CONFIG [geowebcache.GeoWebCacheDispatcher] - Invoked setServletPrefix(gwc)
16 Mar 18:57:49 CONFIG [wms.WMSService] - Will NOT recombine tiles for non-tiling clients.
16 Mar 18:57:49 CONFIG [wms.WMSService] - Will proxy requests to backend that are not getmap or getcapabilities.
16 Mar 18:58:00 WARN   [turbojpeg.TurboJPEGMapResponse] - The turbo jpeg encoder is available for usage
16 Mar 18:58:28 CONFIG [diskquota.ConfigLoader] - Quota config is: /opt/geoserver/data_dir/gwc/geowebcache-diskquota.xml
16 Mar 18:58:28 CONFIG [diskquota.DiskQuotaMonitor] - Setting up disk quota periodic enforcement task
16 Mar 18:58:28 CONFIG [diskquota.DiskQuotaMonitor] - 0 layers configured with their own quotas. 
16 Mar 18:58:28 CONFIG [diskquota.DiskQuotaMonitor] - 0 layers attached to global quota 20.0 GB
16 Mar 18:58:28 CONFIG [diskquota.DiskQuotaMonitor] - Disk quota periodic enforcement task set up every 5 SECONDS
16 Mar 18:58:30 CONFIG [geoserver.security] - Start reloading user/groups for service named default
16 Mar 18:58:30 CONFIG [geoserver.security] - Reloading user/groups successful for service named default
16 Mar 18:58:31 CONFIG [geoserver.security] - AuthenticationCache Initialized with 1000 Max Entries, 300 seconds idle time, 600 seconds time to live and 3 concurrency level
16 Mar 18:58:31 CONFIG [geoserver.security] - AuthenticationCache Eviction Task created to run every 600 seconds
16 Mar 18:58:32 CONFIG [gwc.layer] - GeoServer TileLayer store base directory is: gwc-layers
16 Mar 18:58:32 CONFIG [gwc.layer] - Loading tile layers from gwc-layers
16 Mar 18:58:32 CONFIG [gwc.layer] - Loaded 0 tile layers in 6.063 ms
16 Mar 18:58:33 INFO   [jdbc.JDBCQuotaStore] - Closing up the JDBC quota store 
16 Mar 18:58:34 WARN   [support.DisposableBeanAdapter] - Custom destroy method 'destroy' on bean with name 'gwcMemoryBlobStore' threw an exception: java.util.concurrent.RejectedExecutionException: Task java.util.concurrent.FutureTask@da657af[Not completed, task = org.geowebcache.storage.blobstore.memory.MemoryBlobStore$BlobStoreTask@2398a23d] rejected from java.util.concurrent.ThreadPoolExecutor@2cfe1810[Terminated, pool size = 0, active threads = 0, queued tasks = 0, completed tasks = 1]
16 Mar 18:58:34 INFO   [geoserver.logging] - Beginning GeoServer cleanup sequence
CONFIG 2026-03-16 19:01:26,164 [main][Log4J2Logger.java:215] : Logging policy: Log4J2
CONFIG 2026-03-16 19:01:26,991 [main][Log4J2Logger.java:189] : Factory implementations for category GridCoverageFactory:
  org.geotools.coverage.grid.GridCoverageFactory
CONFIG 2026-03-16 19:01:39,224 [main][Log4J2Logger.java:189] : Factory implementations for category FilterFactory:
  org.geotools.filter.FilterFactoryImpl
CONFIG 2026-03-16 19:01:39,277 [main][Log4J2Logger.java:189] : Factory implementations for category StyleFactory:
  org.geotools.styling.StyleFactoryImpl
CONFIG 2026-03-16 19:01:39,289 [main][Log4J2Logger.java:189] : Factory implementations for category FeatureFactory:
  org.geotools.feature.LenientFeatureFactoryImpl
  org.geotools.feature.ValidatingFeatureFactoryImpl
DEBUG 2026-03-16 19:01:40,212 [main][Log4J2Logger.java:220] : Extension lookup 'XStreamPersisterInitializer', prior to bean geoserverExtensions initialisation.
DEBUG 2026-03-16 19:01:40,216 [main][Log4J2Logger.java:220] : Extension lookup 'ExtensionFilter', prior to bean geoserverExtensions initialisation.
DEBUG 2026-03-16 19:01:40,220 [main][Log4J2Logger.java:220] : Extension lookup 'ExtensionProvider', but provided ApplicationContext is unset.
DEBUG 2026-03-16 19:01:40,220 [main][Log4J2Logger.java:220] : Extension lookup 'ExtensionFilter', but provided ApplicationContext is unset.
DEBUG 2026-03-16 19:01:40,298 [main][Log4J2Logger.java:220] : CONFIGURING GEOSERVER LOGGING -------------------------
16 Mar 19:01:40 CONFIG [geoserver.logging] - Log4j 2 configuration set to DEFAULT_LOGGING.xml
