CONFIG 2026-03-16 12:01:54,915 [main][Log4J2Logger.java:215] : Logging policy: Log4J2
CONFIG 2026-03-16 12:01:55,078 [main][Log4J2Logger.java:189] : Factory implementations for category GridCoverageFactory:
  org.geotools.coverage.grid.GridCoverageFactory
CONFIG 2026-03-16 12:01:55,340 [main][Log4J2Logger.java:189] : Factory implementations for category FilterFactory:
  org.geotools.filter.FilterFactoryImpl
CONFIG 2026-03-16 12:01:55,356 [main][Log4J2Logger.java:189] : Factory implementations for category StyleFactory:
  org.geotools.styling.StyleFactoryImpl
CONFIG 2026-03-16 12:01:55,361 [main][Log4J2Logger.java:189] : Factory implementations for category FeatureFactory:
  org.geotools.feature.LenientFeatureFactoryImpl
  org.geotools.feature.ValidatingFeatureFactoryImpl
DEBUG 2026-03-16 12:01:55,628 [main][Log4J2Logger.java:220] : Extension lookup 'XStreamPersisterInitializer', prior to bean geoserverExtensions initialisation.
DEBUG 2026-03-16 12:01:55,630 [main][Log4J2Logger.java:220] : Extension lookup 'ExtensionFilter', prior to bean geoserverExtensions initialisation.
DEBUG 2026-03-16 12:01:55,632 [main][Log4J2Logger.java:220] : Extension lookup 'ExtensionProvider', but provided ApplicationContext is unset.
DEBUG 2026-03-16 12:01:55,633 [main][Log4J2Logger.java:220] : Extension lookup 'ExtensionFilter', but provided ApplicationContext is unset.
DEBUG 2026-03-16 12:01:55,655 [main][Log4J2Logger.java:220] : CONFIGURING GEOSERVER LOGGING -------------------------
16 Mar 12:01:55 CONFIG [geoserver.logging] - Log4j 2 configuration set to DEFAULT_LOGGING.xml
16 Mar 12:01:57 CONFIG [org.geoserver] - GeoServer configuration lock is enabled
16 Mar 12:01:57 CONFIG [org.geoserver] - Loading catalog /opt/geoserver/data_dir
16 Mar 12:01:57 WARN   [org.geoserver] - No 'workspaces' directory found, unable to load any stores.
16 Mar 12:01:57 CONFIG [org.geoserver] - Read catalog in 6.069 ms
16 Mar 12:01:58 CONFIG [org.geoserver] - Loaded service 'csw', enabled
16 Mar 12:01:58 CONFIG [org.geoserver] - Loaded service 'WMSInfoImpl-18a3799a:19cf6863ae9:-7ffb', enabled
16 Mar 12:01:58 CONFIG [org.geoserver] - Loaded service 'WFSInfoImpl-18a3799a:19cf6863ae9:-7ffa', enabled
16 Mar 12:01:58 CONFIG [org.geoserver] - Loaded service 'WPSInfoImpl-18a3799a:19cf6863ae9:-7ff9', enabled
16 Mar 12:01:58 CONFIG [org.geoserver] - Loaded service 'WMTSInfoImpl-18a3799a:19cf6863ae9:-7ff8', enabled
16 Mar 12:01:58 CONFIG [org.geoserver] - Loaded service 'WCSInfoImpl-18a3799a:19cf6863ae9:-7ff7', enabled
16 Mar 12:01:58 CONFIG [gwc.config] - Will look for 'geowebcache.xml' in directory '/opt/geoserver/data_dir/gwc'.
16 Mar 12:01:58 CONFIG [gwc.config] - Create configuration file '/opt/geoserver/data_dir/gwc/geowebcache.xml' from template jar:file:/usr/local/tomcat/webapps/geoserver/WEB-INF/lib/gwc-core-1.24.2.jar!/geowebcache_empty.xml
16 Mar 12:01:58 WARN   [config.XMLConfiguration] - GWC configuration validation error: cvc-elt.1.a: Cannot find the declaration of element 'gwcConfiguration'.
16 Mar 12:01:58 WARN   [config.XMLConfiguration] - Will try to use configuration anyway. Please check the order of declared elements against the schema.
16 Mar 12:01:58 CONFIG [config.XMLConfiguration] - Initializing GridSets from /opt/geoserver/data_dir/gwc
16 Mar 12:01:58 CONFIG [config.XMLConfiguration] - Initializing layers from /opt/geoserver/data_dir/gwc
16 Mar 12:01:58 CONFIG [gwc.layer] - Initializing GWC configuration based on GeoServer's Catalog
16 Mar 12:01:58 CONFIG [gwc.layer] - GeoServer TileLayer store base directory is: gwc-layers
16 Mar 12:01:58 CONFIG [gwc.layer] - Loading tile layers from gwc-layers
16 Mar 12:01:58 CONFIG [gwc.layer] - Loaded 0 tile layers in 3.154 ms
16 Mar 12:01:58 CONFIG [storage.BlobStoreAggregator] - BlobStoreConfiguration /opt/geoserver/data_dir/gwc contained no blob store infos.
16 Mar 12:01:58 CONFIG [storage.DefaultStorageFinder] - Found system environment variableGEOWEBCACHE_CACHE_DIR set to /opt/geoserver/data_dir/gwc, using it as the default prefix.
16 Mar 12:01:58 CONFIG [gwc.config] - Initializing GeoServer specific GWC configuration from gwc-gs.xml
16 Mar 12:01:59 INFO   [flow.config] - Loaded control-flow rule: ows.global=100
16 Mar 12:01:59 INFO   [flow.config] - Loaded control-flow rule: ows.wms.getmap=10
16 Mar 12:01:59 INFO   [flow.config] - Loaded control-flow rule: ows.wfs.getfeature.application/msexcel=4
16 Mar 12:01:59 INFO   [flow.config] - Loaded control-flow rule: user=6
16 Mar 12:01:59 INFO   [flow.config] - Loaded control-flow rule: ows.gwc=16
16 Mar 12:01:59 INFO   [flow.config] - Loaded control-flow rule: user.ows.wps.execute=1000/d;30s
16 Mar 12:01:59 CONFIG [geoserver.flow] - Control-flow active with 6 flow controllers
16 Mar 12:02:02 CONFIG [gwc.config] - Will look for 'geowebcache-diskquota.xml' in directory '/opt/geoserver/data_dir/gwc'.
16 Mar 12:02:02 CONFIG [gwc.config] - Will look for 'geowebcache-diskquota-jdbc.xml' in directory '/opt/geoserver/data_dir/gwc'.
16 Mar 12:02:02 CONFIG [diskquota.ConfigLoader] - Quota config is: /opt/geoserver/data_dir/gwc/geowebcache-diskquota.xml
16 Mar 12:02:02 CONFIG [diskquota.ConfigLoader] - Quota config is: /opt/geoserver/data_dir/gwc/geowebcache-diskquota.xml
16 Mar 12:02:03 WARN   [turbojpeg.TurboJPEGMapResponse] - The turbo jpeg encoder is available for usage
16 Mar 12:02:04 INFO   [geoserver.monitor] - Monitor extension enabled
16 Mar 12:02:05 CONFIG [geoserver.wps] - Found 5 bindable processes in GeoServer specific processes
16 Mar 12:02:05 CONFIG [geoserver.wps] - Found 89 bindable processes in Deprecated processes
16 Mar 12:02:05 CONFIG [geoserver.wps] - Found 48 bindable processes in Geometry processes
16 Mar 12:02:05 CONFIG [geoserver.wps] - Found 1 bindable processes in PolygonLabelProcess
16 Mar 12:02:05 CONFIG [geoserver.wps] - Found 1 bindable processes in geo
16 Mar 12:02:05 CONFIG [geoserver.wps] - Found 1 bindable processes in geo
16 Mar 12:02:05 CONFIG [geoserver.wps] - Blacklisting process vec:GroupCandidateSelection as the input groupingAttributes of type class java.lang.Object cannot be handled
16 Mar 12:02:05 CONFIG [geoserver.wps] - Found 31 bindable processes in Vector processes
16 Mar 12:02:05 CONFIG [geoserver.wps] - Blacklisting process ras:ConvolveCoverage as the input kernel of type class javax.media.jai.KernelJAI cannot be handled
16 Mar 12:02:05 CONFIG [geoserver.wps] - Blacklisting process ras:RasterZonalStatistics2 as the input zones of type class java.lang.Object cannot be handled
16 Mar 12:02:05 CONFIG [geoserver.wps] - Blacklisting process ras:RasterZonalStatistics2 as the input nodata of type class it.geosolutions.jaiext.range.Range cannot be handled
16 Mar 12:02:05 CONFIG [geoserver.wps] - Blacklisting process ras:RasterZonalStatistics2 as the input rangeData of type class java.lang.Object cannot be handled
16 Mar 12:02:05 CONFIG [geoserver.wps] - Blacklisting process ras:RasterZonalStatistics2 as the output zonal statistics of type interface java.util.List cannot be handled
16 Mar 12:02:05 CONFIG [geoserver.wps] - Found 18 bindable processes in Raster processes
16 Mar 12:02:05 CONFIG [geowebcache.GeoWebCacheDispatcher] - Invoked setServletPrefix(gwc)
16 Mar 12:02:05 CONFIG [wms.WMSService] - Will NOT recombine tiles for non-tiling clients.
16 Mar 12:02:05 CONFIG [wms.WMSService] - Will proxy requests to backend that are not getmap or getcapabilities.
16 Mar 12:02:06 CONFIG [diskquota.ConfigLoader] - Quota config is: /opt/geoserver/data_dir/gwc/geowebcache-diskquota.xml
16 Mar 12:02:06 CONFIG [diskquota.DiskQuotaMonitor] - Setting up disk quota periodic enforcement task
16 Mar 12:02:06 CONFIG [diskquota.DiskQuotaMonitor] - 0 layers configured with their own quotas. 
16 Mar 12:02:06 CONFIG [diskquota.DiskQuotaMonitor] - 0 layers attached to global quota 20.0 GB
16 Mar 12:02:06 CONFIG [diskquota.DiskQuotaMonitor] - Disk quota periodic enforcement task set up every 5 SECONDS
16 Mar 12:02:06 CONFIG [geoserver.security] - AuthenticationCache Initialized with 1000 Max Entries, 300 seconds idle time, 600 seconds time to live and 3 concurrency level
16 Mar 12:02:06 CONFIG [geoserver.security] - AuthenticationCache Eviction Task created to run every 600 seconds
16 Mar 12:02:07 CONFIG [geoserver.security] - Start reloading user/groups for service named default
16 Mar 12:02:07 CONFIG [geoserver.security] - Reloading user/groups successful for service named default
16 Mar 12:02:08 INFO   [config.XMLConfiguration] - Wrote configuration to /opt/geoserver/data_dir/gwc
16 Mar 12:20:00 CONFIG [gwc.layer] - GeoServer TileLayer store base directory is: gwc-layers
16 Mar 12:20:00 CONFIG [gwc.layer] - Loading tile layers from gwc-layers
16 Mar 12:20:00 CONFIG [gwc.layer] - Loaded 0 tile layers in 701.7 μs
16 Mar 12:20:00 CONFIG [gwc.layer] - GeoServer TileLayer store base directory is: gwc-layers
16 Mar 12:20:00 CONFIG [gwc.layer] - Loading tile layers from gwc-layers
16 Mar 12:20:00 CONFIG [gwc.layer] - Loaded 0 tile layers in 723.9 μs
16 Mar 12:20:00 INFO   [jdbc.JDBCQuotaStore] - Closing up the JDBC quota store 
16 Mar 12:20:00 WARN   [support.DisposableBeanAdapter] - Custom destroy method 'destroy' on bean with name 'gwcMemoryBlobStore' threw an exception: java.util.concurrent.RejectedExecutionException: Task java.util.concurrent.FutureTask@2e487631[Not completed, task = org.geowebcache.storage.blobstore.memory.MemoryBlobStore$BlobStoreTask@6d751515] rejected from java.util.concurrent.ThreadPoolExecutor@b5bb2b6[Terminated, pool size = 0, active threads = 0, queued tasks = 0, completed tasks = 1]
16 Mar 12:20:00 INFO   [geoserver.logging] - Beginning GeoServer cleanup sequence
