CONFIG 2026-03-18 06:58:20,425 [main][Log4J2Logger.java:215] : Logging policy: Log4J2
CONFIG 2026-03-18 06:58:20,570 [main][Log4J2Logger.java:189] : Factory implementations for category GridCoverageFactory:
  org.geotools.coverage.grid.GridCoverageFactory
CONFIG 2026-03-18 06:58:20,739 [main][Log4J2Logger.java:189] : Factory implementations for category FilterFactory:
  org.geotools.filter.FilterFactoryImpl
CONFIG 2026-03-18 06:58:20,754 [main][Log4J2Logger.java:189] : Factory implementations for category StyleFactory:
  org.geotools.styling.StyleFactoryImpl
CONFIG 2026-03-18 06:58:20,759 [main][Log4J2Logger.java:189] : Factory implementations for category FeatureFactory:
  org.geotools.feature.LenientFeatureFactoryImpl
  org.geotools.feature.ValidatingFeatureFactoryImpl
DEBUG 2026-03-18 06:58:20,989 [main][Log4J2Logger.java:220] : Extension lookup 'XStreamPersisterInitializer', prior to bean geoserverExtensions initialisation.
DEBUG 2026-03-18 06:58:20,991 [main][Log4J2Logger.java:220] : Extension lookup 'ExtensionFilter', prior to bean geoserverExtensions initialisation.
DEBUG 2026-03-18 06:58:20,992 [main][Log4J2Logger.java:220] : Extension lookup 'ExtensionProvider', but provided ApplicationContext is unset.
DEBUG 2026-03-18 06:58:20,993 [main][Log4J2Logger.java:220] : Extension lookup 'ExtensionFilter', but provided ApplicationContext is unset.
DEBUG 2026-03-18 06:58:21,017 [main][Log4J2Logger.java:220] : CONFIGURING GEOSERVER LOGGING -------------------------
18 Mar 06:58:21 CONFIG [geoserver.logging] - Log4j 2 configuration set to DEFAULT_LOGGING.xml
18 Mar 06:58:22 WARN   [geoserver.monitor] - monitoring storage memory not found, falling back to 'memory'
18 Mar 06:58:22 CONFIG [org.geoserver] - GeoServer configuration lock is enabled
18 Mar 06:58:23 CONFIG [org.geoserver] - Loading catalog /opt/geoserver/data_dir
18 Mar 06:58:23 WARN   [org.geoserver] - No 'workspaces' directory found, unable to load any stores.
18 Mar 06:58:23 CONFIG [org.geoserver] - Read catalog in 6.795 ms
18 Mar 06:58:23 CONFIG [org.geoserver] - Loaded service 'WFSInfoImpl--45844649:19cffbd0349:-7ffb', enabled
18 Mar 06:58:23 CONFIG [org.geoserver] - Loaded service 'csw', enabled
18 Mar 06:58:23 CONFIG [org.geoserver] - Loaded service 'WPSInfoImpl--45844649:19cffbd0349:-7ffa', enabled
18 Mar 06:58:23 CONFIG [org.geoserver] - Loaded service 'WMTSInfoImpl--45844649:19cffbd0349:-7ff9', enabled
18 Mar 06:58:23 CONFIG [org.geoserver] - Loaded service 'WMSInfoImpl--45844649:19cffbd0349:-7ff8', enabled
18 Mar 06:58:23 CONFIG [org.geoserver] - Loaded service 'WCSInfoImpl--45844649:19cffbd0349:-7ff7', enabled
18 Mar 06:58:23 CONFIG [gwc.config] - Will look for 'geowebcache.xml' in directory '/opt/geoserver/data_dir/gwc'.
18 Mar 06:58:23 CONFIG [gwc.config] - Create configuration file '/opt/geoserver/data_dir/gwc/geowebcache.xml' from template jar:file:/usr/local/tomcat/webapps/geoserver/WEB-INF/lib/gwc-core-1.24.2.jar!/geowebcache_empty.xml
18 Mar 06:58:23 WARN   [config.XMLConfiguration] - GWC configuration validation error: cvc-elt.1.a: Cannot find the declaration of element 'gwcConfiguration'.
18 Mar 06:58:23 WARN   [config.XMLConfiguration] - Will try to use configuration anyway. Please check the order of declared elements against the schema.
18 Mar 06:58:23 CONFIG [config.XMLConfiguration] - Initializing GridSets from /opt/geoserver/data_dir/gwc
18 Mar 06:58:23 CONFIG [config.XMLConfiguration] - Initializing layers from /opt/geoserver/data_dir/gwc
18 Mar 06:58:23 CONFIG [gwc.layer] - Initializing GWC configuration based on GeoServer's Catalog
18 Mar 06:58:23 CONFIG [gwc.layer] - GeoServer TileLayer store base directory is: gwc-layers
18 Mar 06:58:23 CONFIG [gwc.layer] - Loading tile layers from gwc-layers
18 Mar 06:58:23 CONFIG [gwc.layer] - Loaded 0 tile layers in 2.577 ms
18 Mar 06:58:23 CONFIG [storage.BlobStoreAggregator] - BlobStoreConfiguration /opt/geoserver/data_dir/gwc contained no blob store infos.
18 Mar 06:58:23 CONFIG [storage.DefaultStorageFinder] - Found system environment variableGEOWEBCACHE_CACHE_DIR set to /opt/geoserver/data_dir/gwc, using it as the default prefix.
18 Mar 06:58:24 CONFIG [gwc.config] - Initializing GeoServer specific GWC configuration from gwc-gs.xml
18 Mar 06:58:24 INFO   [flow.config] - Loaded control-flow rule: ows.global=100
18 Mar 06:58:24 INFO   [flow.config] - Loaded control-flow rule: ows.wms.getmap=10
18 Mar 06:58:24 INFO   [flow.config] - Loaded control-flow rule: ows.wfs.getfeature.application/msexcel=4
18 Mar 06:58:24 INFO   [flow.config] - Loaded control-flow rule: user=6
18 Mar 06:58:24 INFO   [flow.config] - Loaded control-flow rule: ows.gwc=16
18 Mar 06:58:24 INFO   [flow.config] - Loaded control-flow rule: user.ows.wps.execute=1000/d;30s
18 Mar 06:58:24 CONFIG [geoserver.flow] - Control-flow active with 6 flow controllers
18 Mar 06:58:25 WARN   [turbojpeg.TurboJPEGMapResponse] - The turbo jpeg encoder is available for usage
18 Mar 06:58:27 CONFIG [gwc.config] - Will look for 'geowebcache-diskquota.xml' in directory '/opt/geoserver/data_dir/gwc'.
18 Mar 06:58:27 CONFIG [gwc.config] - Will look for 'geowebcache-diskquota-jdbc.xml' in directory '/opt/geoserver/data_dir/gwc'.
18 Mar 06:58:27 CONFIG [diskquota.ConfigLoader] - Quota config is: /opt/geoserver/data_dir/gwc/geowebcache-diskquota.xml
18 Mar 06:58:27 CONFIG [diskquota.ConfigLoader] - Quota config is: /opt/geoserver/data_dir/gwc/geowebcache-diskquota.xml
18 Mar 06:58:28 INFO   [geoserver.monitor] - Monitor extension enabled
18 Mar 06:58:29 CONFIG [geoserver.wps] - Found 5 bindable processes in GeoServer specific processes
18 Mar 06:58:29 CONFIG [geoserver.wps] - Found 89 bindable processes in Deprecated processes
18 Mar 06:58:29 CONFIG [geoserver.wps] - Blacklisting process vec:GroupCandidateSelection as the input groupingAttributes of type class java.lang.Object cannot be handled
18 Mar 06:58:29 CONFIG [geoserver.wps] - Found 31 bindable processes in Vector processes
18 Mar 06:58:29 CONFIG [geoserver.wps] - Found 48 bindable processes in Geometry processes
18 Mar 06:58:29 CONFIG [geoserver.wps] - Found 1 bindable processes in PolygonLabelProcess
18 Mar 06:58:29 CONFIG [geoserver.wps] - Found 1 bindable processes in geo
18 Mar 06:58:29 CONFIG [geoserver.wps] - Found 1 bindable processes in geo
18 Mar 06:58:29 CONFIG [geoserver.wps] - Blacklisting process ras:ConvolveCoverage as the input kernel of type class javax.media.jai.KernelJAI cannot be handled
18 Mar 06:58:29 CONFIG [geoserver.wps] - Blacklisting process ras:RasterZonalStatistics2 as the input zones of type class java.lang.Object cannot be handled
18 Mar 06:58:29 CONFIG [geoserver.wps] - Blacklisting process ras:RasterZonalStatistics2 as the input nodata of type class it.geosolutions.jaiext.range.Range cannot be handled
18 Mar 06:58:29 CONFIG [geoserver.wps] - Blacklisting process ras:RasterZonalStatistics2 as the input rangeData of type class java.lang.Object cannot be handled
18 Mar 06:58:29 CONFIG [geoserver.wps] - Blacklisting process ras:RasterZonalStatistics2 as the output zonal statistics of type interface java.util.List cannot be handled
18 Mar 06:58:29 CONFIG [geoserver.wps] - Found 18 bindable processes in Raster processes
18 Mar 06:58:29 WARN   [gce.imagemosaic] - Unable to set ordering between tiff readers spi
18 Mar 06:58:30 CONFIG [geowebcache.GeoWebCacheDispatcher] - Invoked setServletPrefix(gwc)
18 Mar 06:58:30 CONFIG [wms.WMSService] - Will NOT recombine tiles for non-tiling clients.
18 Mar 06:58:30 CONFIG [wms.WMSService] - Will proxy requests to backend that are not getmap or getcapabilities.
18 Mar 06:58:31 CONFIG [diskquota.ConfigLoader] - Quota config is: /opt/geoserver/data_dir/gwc/geowebcache-diskquota.xml
18 Mar 06:58:31 CONFIG [diskquota.DiskQuotaMonitor] - Setting up disk quota periodic enforcement task
18 Mar 06:58:31 CONFIG [diskquota.DiskQuotaMonitor] - 0 layers configured with their own quotas. 
18 Mar 06:58:31 CONFIG [diskquota.DiskQuotaMonitor] - 0 layers attached to global quota 20.0 GB
18 Mar 06:58:31 CONFIG [diskquota.DiskQuotaMonitor] - Disk quota periodic enforcement task set up every 5 SECONDS
18 Mar 06:58:31 CONFIG [geoserver.security] - AuthenticationCache Initialized with 1000 Max Entries, 300 seconds idle time, 600 seconds time to live and 3 concurrency level
18 Mar 06:58:31 CONFIG [geoserver.security] - AuthenticationCache Eviction Task created to run every 600 seconds
18 Mar 06:58:33 CONFIG [geoserver.security] - Start reloading user/groups for service named default
18 Mar 06:58:33 CONFIG [geoserver.security] - Reloading user/groups successful for service named default
18 Mar 06:58:33 INFO   [config.XMLConfiguration] - Wrote configuration to /opt/geoserver/data_dir/gwc
18 Mar 07:06:14 WARN   [geoserver.security] - Failed login, user  from 172.19.0.1
18 Mar 07:06:14 INFO   [geoserver.security] - Brute force attack prevention, delaying login for 4225ms
18 Mar 07:06:36 INFO   [geoserver.security] - Strong cryptography is available
19 Mar 06:30:32 CONFIG [gwc.layer] - GeoServer TileLayer store base directory is: gwc-layers
19 Mar 06:30:32 CONFIG [gwc.layer] - Loading tile layers from gwc-layers
19 Mar 06:30:32 CONFIG [gwc.layer] - Loaded 0 tile layers in 4.149 ms
19 Mar 06:30:32 CONFIG [gwc.layer] - GeoServer TileLayer store base directory is: gwc-layers
19 Mar 06:30:32 CONFIG [gwc.layer] - Loading tile layers from gwc-layers
19 Mar 06:30:32 CONFIG [gwc.layer] - Loaded 0 tile layers in 1.404 ms
19 Mar 06:30:32 INFO   [jdbc.JDBCQuotaStore] - Closing up the JDBC quota store 
19 Mar 06:30:32 WARN   [support.DisposableBeanAdapter] - Custom destroy method 'destroy' on bean with name 'gwcMemoryBlobStore' threw an exception: java.util.concurrent.RejectedExecutionException: Task java.util.concurrent.FutureTask@365a3c18[Not completed, task = org.geowebcache.storage.blobstore.memory.MemoryBlobStore$BlobStoreTask@a244b96] rejected from java.util.concurrent.ThreadPoolExecutor@7059fad2[Terminated, pool size = 0, active threads = 0, queued tasks = 0, completed tasks = 1]
19 Mar 06:30:32 INFO   [geoserver.logging] - Beginning GeoServer cleanup sequence
