/*C4*/SET SCHEMA PUBLIC
DISCONNECT
/*C5*/SET SCHEMA PUBLIC
INSERT INTO TILESET VALUES('gis:buildings#EPSG:4326#image/jpeg','gis:buildings','EPSG:4326','image/jpeg',NULL,0)
DELETE FROM TILESET WHERE KEY='gis:buildings#EPSG:4326#image/jpeg'
INSERT INTO TILESET VALUES('gis:buildings#EPSG:4326#image/jpeg','gis:buildings','EPSG:4326','image/jpeg',NULL,40960)
DELETE FROM TILESET WHERE KEY='___GLOBAL_QUOTA___'
INSERT INTO TILESET VALUES('___GLOBAL_QUOTA___',NULL,NULL,NULL,NULL,40960)
INSERT INTO TILEPAGE VALUES('gis:buildings#EPSG:4326#image/jpeg@0,0,15','gis:buildings#EPSG:4326#image/jpeg',15,0,0,29589873,0.0E0,29589873,1.0E0,0)
INSERT INTO TILEPAGE VALUES('gis:buildings#EPSG:4326#image/jpeg@0,1,15','gis:buildings#EPSG:4326#image/jpeg',15,0,1,29589873,0.0E0,29589873,1.0E0,0)
INSERT INTO TILEPAGE VALUES('gis:buildings#EPSG:4326#image/jpeg@1,0,15','gis:buildings#EPSG:4326#image/jpeg',15,1,0,29589873,0.0E0,29589873,1.0E0,0)
INSERT INTO TILEPAGE VALUES('gis:buildings#EPSG:4326#image/jpeg@1,1,15','gis:buildings#EPSG:4326#image/jpeg',15,1,1,29589873,0.0E0,29589873,1.0E0,0)
INSERT INTO TILEPAGE VALUES('gis:buildings#EPSG:4326#image/jpeg@2,0,15','gis:buildings#EPSG:4326#image/jpeg',15,2,0,29589873,0.0E0,29589873,1.0E0,0)
INSERT INTO TILEPAGE VALUES('gis:buildings#EPSG:4326#image/jpeg@2,1,15','gis:buildings#EPSG:4326#image/jpeg',15,2,1,29589873,0.0E0,29589873,1.0E0,0)
INSERT INTO TILEPAGE VALUES('gis:buildings#EPSG:4326#image/jpeg@3,0,15','gis:buildings#EPSG:4326#image/jpeg',15,3,0,29589873,0.0E0,29589873,1.0E0,0)
INSERT INTO TILEPAGE VALUES('gis:buildings#EPSG:4326#image/jpeg@3,1,15','gis:buildings#EPSG:4326#image/jpeg',15,3,1,29589873,0.0E0,29589873,1.0E0,0)
INSERT INTO TILEPAGE VALUES('gis:buildings#EPSG:4326#image/jpeg@4,0,15','gis:buildings#EPSG:4326#image/jpeg',15,4,0,29589873,0.0E0,29589873,1.0E0,0)
INSERT INTO TILEPAGE VALUES('gis:buildings#EPSG:4326#image/jpeg@4,1,15','gis:buildings#EPSG:4326#image/jpeg',15,4,1,29589873,0.0E0,29589873,1.0E0,0)
COMMIT
INSERT INTO TILESET VALUES('gis:roads#EPSG:4326#image/jpeg','gis:roads','EPSG:4326','image/jpeg',NULL,0)
DELETE FROM TILESET WHERE KEY='gis:roads#EPSG:4326#image/jpeg'
INSERT INTO TILESET VALUES('gis:roads#EPSG:4326#image/jpeg','gis:roads','EPSG:4326','image/jpeg',NULL,73728)
DELETE FROM TILESET WHERE KEY='___GLOBAL_QUOTA___'
INSERT INTO TILESET VALUES('___GLOBAL_QUOTA___',NULL,NULL,NULL,NULL,114688)
INSERT INTO TILEPAGE VALUES('gis:roads#EPSG:4326#image/jpeg@0,0,13','gis:roads#EPSG:4326#image/jpeg',13,0,0,29589873,0.0E0,29589873,1.0E0,0)
INSERT INTO TILEPAGE VALUES('gis:roads#EPSG:4326#image/jpeg@0,1,13','gis:roads#EPSG:4326#image/jpeg',13,0,1,29589873,0.0E0,29589873,1.0E0,0)
INSERT INTO TILEPAGE VALUES('gis:roads#EPSG:4326#image/jpeg@1,0,13','gis:roads#EPSG:4326#image/jpeg',13,1,0,29589873,0.0E0,29589873,1.0E0,0)
INSERT INTO TILEPAGE VALUES('gis:roads#EPSG:4326#image/jpeg@1,1,13','gis:roads#EPSG:4326#image/jpeg',13,1,1,29589873,0.0E0,29589873,1.0E0,0)
INSERT INTO TILEPAGE VALUES('gis:roads#EPSG:4326#image/jpeg@2,0,13','gis:roads#EPSG:4326#image/jpeg',13,2,0,29589873,0.0E0,29589873,1.0E0,0)
INSERT INTO TILEPAGE VALUES('gis:roads#EPSG:4326#image/jpeg@2,1,13','gis:roads#EPSG:4326#image/jpeg',13,2,1,29589873,0.0E0,29589873,1.0E0,0)
INSERT INTO TILEPAGE VALUES('gis:roads#EPSG:4326#image/jpeg@3,0,13','gis:roads#EPSG:4326#image/jpeg',13,3,0,29589873,0.0E0,29589873,1.0E0,0)
INSERT INTO TILEPAGE VALUES('gis:roads#EPSG:4326#image/jpeg@3,1,13','gis:roads#EPSG:4326#image/jpeg',13,3,1,29589873,0.0E0,29589873,1.0E0,0)
INSERT INTO TILEPAGE VALUES('gis:roads#EPSG:4326#image/jpeg@4,0,13','gis:roads#EPSG:4326#image/jpeg',13,4,0,29589873,0.0E0,29589873,1.0E0,0)
INSERT INTO TILEPAGE VALUES('gis:roads#EPSG:4326#image/jpeg@4,1,13','gis:roads#EPSG:4326#image/jpeg',13,4,1,29589873,0.0E0,29589873,1.0E0,0)
INSERT INTO TILEPAGE VALUES('gis:roads#EPSG:4326#image/jpeg@5,0,13','gis:roads#EPSG:4326#image/jpeg',13,5,0,29589873,0.0E0,29589873,1.0E0,0)
INSERT INTO TILEPAGE VALUES('gis:roads#EPSG:4326#image/jpeg@5,1,13','gis:roads#EPSG:4326#image/jpeg',13,5,1,29589873,0.0E0,29589873,1.0E0,0)
INSERT INTO TILEPAGE VALUES('gis:roads#EPSG:4326#image/jpeg@6,0,13','gis:roads#EPSG:4326#image/jpeg',13,6,0,29589873,0.0E0,29589873,1.0E0,0)
INSERT INTO TILEPAGE VALUES('gis:roads#EPSG:4326#image/jpeg@6,1,13','gis:roads#EPSG:4326#image/jpeg',13,6,1,29589873,0.0E0,29589873,1.0E0,0)
COMMIT
INSERT INTO TILESET VALUES('gis:buildings#EPSG:4326#application/vnd.mapbox-vector-tile','gis:buildings','EPSG:4326','application/vnd.mapbox-vector-tile',NULL,0)
DELETE FROM TILESET WHERE KEY='gis:buildings#EPSG:4326#application/vnd.mapbox-vector-tile'
INSERT INTO TILESET VALUES('gis:buildings#EPSG:4326#application/vnd.mapbox-vector-tile','gis:buildings','EPSG:4326','application/vnd.mapbox-vector-tile',NULL,20480)
DELETE FROM TILESET WHERE KEY='___GLOBAL_QUOTA___'
INSERT INTO TILESET VALUES('___GLOBAL_QUOTA___',NULL,NULL,NULL,NULL,135168)
INSERT INTO TILEPAGE VALUES('gis:buildings#EPSG:4326#application/vnd.mapbox-vector-tile@0,0,15','gis:buildings#EPSG:4326#application/vnd.mapbox-vector-tile',15,0,0,29589895,0.0E0,29589895,1.0E0,0)
INSERT INTO TILEPAGE VALUES('gis:buildings#EPSG:4326#application/vnd.mapbox-vector-tile@0,1,15','gis:buildings#EPSG:4326#application/vnd.mapbox-vector-tile',15,0,1,29589895,0.0E0,29589895,1.0E0,0)
INSERT INTO TILEPAGE VALUES('gis:buildings#EPSG:4326#application/vnd.mapbox-vector-tile@1,1,15','gis:buildings#EPSG:4326#application/vnd.mapbox-vector-tile',15,1,1,29589895,0.0E0,29589895,1.0E0,0)
INSERT INTO TILEPAGE VALUES('gis:buildings#EPSG:4326#application/vnd.mapbox-vector-tile@3,0,15','gis:buildings#EPSG:4326#application/vnd.mapbox-vector-tile',15,3,0,29589895,0.0E0,29589895,1.0E0,0)
INSERT INTO TILEPAGE VALUES('gis:buildings#EPSG:4326#application/vnd.mapbox-vector-tile@4,0,15','gis:buildings#EPSG:4326#application/vnd.mapbox-vector-tile',15,4,0,29589895,0.0E0,29589895,1.0E0,0)
COMMIT
INSERT INTO TILESET VALUES('gis:poi#EPSG:900913#image/jpeg','gis:poi','EPSG:900913','image/jpeg',NULL,0)
DELETE FROM TILESET WHERE KEY='gis:poi#EPSG:900913#image/jpeg'
INSERT INTO TILESET VALUES('gis:poi#EPSG:900913#image/jpeg','gis:poi','EPSG:900913','image/jpeg',NULL,36864)
DELETE FROM TILESET WHERE KEY='___GLOBAL_QUOTA___'
INSERT INTO TILESET VALUES('___GLOBAL_QUOTA___',NULL,NULL,NULL,NULL,172032)
INSERT INTO TILEPAGE VALUES('gis:poi#EPSG:900913#image/jpeg@0,0,28','gis:poi#EPSG:900913#image/jpeg',28,0,0,29589895,0.0E0,29589895,1.0E0,0)
INSERT INTO TILEPAGE VALUES('gis:poi#EPSG:900913#image/jpeg@0,1,28','gis:poi#EPSG:900913#image/jpeg',28,0,1,29589895,0.0E0,29589895,1.0E0,0)
INSERT INTO TILEPAGE VALUES('gis:poi#EPSG:900913#image/jpeg@1,0,28','gis:poi#EPSG:900913#image/jpeg',28,1,0,29589895,0.0E0,29589895,1.0E0,0)
INSERT INTO TILEPAGE VALUES('gis:poi#EPSG:900913#image/jpeg@1,1,28','gis:poi#EPSG:900913#image/jpeg',28,1,1,29589895,0.0E0,29589895,1.0E0,0)
INSERT INTO TILEPAGE VALUES('gis:poi#EPSG:900913#image/jpeg@2,0,28','gis:poi#EPSG:900913#image/jpeg',28,2,0,29589895,0.0E0,29589895,1.0E0,0)
INSERT INTO TILEPAGE VALUES('gis:poi#EPSG:900913#image/jpeg@2,1,28','gis:poi#EPSG:900913#image/jpeg',28,2,1,29589895,0.0E0,29589895,1.0E0,0)
INSERT INTO TILEPAGE VALUES('gis:poi#EPSG:900913#image/jpeg@3,0,28','gis:poi#EPSG:900913#image/jpeg',28,3,0,29589895,0.0E0,29589895,1.0E0,0)
INSERT INTO TILEPAGE VALUES('gis:poi#EPSG:900913#image/jpeg@3,1,28','gis:poi#EPSG:900913#image/jpeg',28,3,1,29589895,0.0E0,29589895,1.0E0,0)
COMMIT
DELETE FROM TILESET WHERE KEY='___GLOBAL_QUOTA___'
INSERT INTO TILESET VALUES('___GLOBAL_QUOTA___',NULL,NULL,NULL,NULL,110592)
DELETE FROM TILESET WHERE KEY='gis:buildings#EPSG:4326#image/jpeg'
DELETE FROM TILESET WHERE KEY='gis:buildings#EPSG:4326#application/vnd.mapbox-vector-tile'
DELETE FROM TILEPAGE WHERE KEY='gis:buildings#EPSG:4326#image/jpeg@0,0,15'
DELETE FROM TILEPAGE WHERE KEY='gis:buildings#EPSG:4326#image/jpeg@0,1,15'
DELETE FROM TILEPAGE WHERE KEY='gis:buildings#EPSG:4326#image/jpeg@1,0,15'
DELETE FROM TILEPAGE WHERE KEY='gis:buildings#EPSG:4326#image/jpeg@1,1,15'
DELETE FROM TILEPAGE WHERE KEY='gis:buildings#EPSG:4326#image/jpeg@2,0,15'
DELETE FROM TILEPAGE WHERE KEY='gis:buildings#EPSG:4326#image/jpeg@2,1,15'
DELETE FROM TILEPAGE WHERE KEY='gis:buildings#EPSG:4326#image/jpeg@3,0,15'
DELETE FROM TILEPAGE WHERE KEY='gis:buildings#EPSG:4326#image/jpeg@3,1,15'
DELETE FROM TILEPAGE WHERE KEY='gis:buildings#EPSG:4326#image/jpeg@4,0,15'
DELETE FROM TILEPAGE WHERE KEY='gis:buildings#EPSG:4326#image/jpeg@4,1,15'
DELETE FROM TILEPAGE WHERE KEY='gis:buildings#EPSG:4326#application/vnd.mapbox-vector-tile@0,0,15'
DELETE FROM TILEPAGE WHERE KEY='gis:buildings#EPSG:4326#application/vnd.mapbox-vector-tile@0,1,15'
DELETE FROM TILEPAGE WHERE KEY='gis:buildings#EPSG:4326#application/vnd.mapbox-vector-tile@1,1,15'
DELETE FROM TILEPAGE WHERE KEY='gis:buildings#EPSG:4326#application/vnd.mapbox-vector-tile@3,0,15'
DELETE FROM TILEPAGE WHERE KEY='gis:buildings#EPSG:4326#application/vnd.mapbox-vector-tile@4,0,15'
COMMIT
DELETE FROM TILESET WHERE KEY='___GLOBAL_QUOTA___'
INSERT INTO TILESET VALUES('___GLOBAL_QUOTA___',NULL,NULL,NULL,NULL,73728)
DELETE FROM TILESET WHERE KEY='gis:poi#EPSG:900913#image/jpeg'
DELETE FROM TILEPAGE WHERE KEY='gis:poi#EPSG:900913#image/jpeg@0,0,28'
DELETE FROM TILEPAGE WHERE KEY='gis:poi#EPSG:900913#image/jpeg@0,1,28'
DELETE FROM TILEPAGE WHERE KEY='gis:poi#EPSG:900913#image/jpeg@1,0,28'
DELETE FROM TILEPAGE WHERE KEY='gis:poi#EPSG:900913#image/jpeg@1,1,28'
DELETE FROM TILEPAGE WHERE KEY='gis:poi#EPSG:900913#image/jpeg@2,0,28'
DELETE FROM TILEPAGE WHERE KEY='gis:poi#EPSG:900913#image/jpeg@2,1,28'
DELETE FROM TILEPAGE WHERE KEY='gis:poi#EPSG:900913#image/jpeg@3,0,28'
DELETE FROM TILEPAGE WHERE KEY='gis:poi#EPSG:900913#image/jpeg@3,1,28'
COMMIT
DELETE FROM TILESET WHERE KEY='___GLOBAL_QUOTA___'
INSERT INTO TILESET VALUES('___GLOBAL_QUOTA___',NULL,NULL,NULL,NULL,0)
DELETE FROM TILESET WHERE KEY='gis:roads#EPSG:4326#image/jpeg'
DELETE FROM TILEPAGE WHERE KEY='gis:roads#EPSG:4326#image/jpeg@0,0,13'
DELETE FROM TILEPAGE WHERE KEY='gis:roads#EPSG:4326#image/jpeg@0,1,13'
DELETE FROM TILEPAGE WHERE KEY='gis:roads#EPSG:4326#image/jpeg@1,0,13'
DELETE FROM TILEPAGE WHERE KEY='gis:roads#EPSG:4326#image/jpeg@1,1,13'
DELETE FROM TILEPAGE WHERE KEY='gis:roads#EPSG:4326#image/jpeg@2,0,13'
DELETE FROM TILEPAGE WHERE KEY='gis:roads#EPSG:4326#image/jpeg@2,1,13'
DELETE FROM TILEPAGE WHERE KEY='gis:roads#EPSG:4326#image/jpeg@3,0,13'
DELETE FROM TILEPAGE WHERE KEY='gis:roads#EPSG:4326#image/jpeg@3,1,13'
DELETE FROM TILEPAGE WHERE KEY='gis:roads#EPSG:4326#image/jpeg@4,0,13'
DELETE FROM TILEPAGE WHERE KEY='gis:roads#EPSG:4326#image/jpeg@4,1,13'
DELETE FROM TILEPAGE WHERE KEY='gis:roads#EPSG:4326#image/jpeg@5,0,13'
DELETE FROM TILEPAGE WHERE KEY='gis:roads#EPSG:4326#image/jpeg@5,1,13'
DELETE FROM TILEPAGE WHERE KEY='gis:roads#EPSG:4326#image/jpeg@6,0,13'
DELETE FROM TILEPAGE WHERE KEY='gis:roads#EPSG:4326#image/jpeg@6,1,13'
COMMIT
DELETE FROM TILESET WHERE KEY='___GLOBAL_QUOTA___'
INSERT INTO TILESET VALUES('___GLOBAL_QUOTA___',NULL,NULL,NULL,NULL,0)
COMMIT
DELETE FROM TILESET WHERE KEY='___GLOBAL_QUOTA___'
INSERT INTO TILESET VALUES('___GLOBAL_QUOTA___',NULL,NULL,NULL,NULL,0)
COMMIT
DELETE FROM TILESET WHERE KEY='___GLOBAL_QUOTA___'
INSERT INTO TILESET VALUES('___GLOBAL_QUOTA___',NULL,NULL,NULL,NULL,0)
COMMIT
